2015-08-29 01:08:59,714 2508 DEBUG [-] CSV-name: s-0r100w-64kb
2015-08-29 01:08:59,714 2508 DEBUG [-]   logfile: ../rawdata/HDD/4P4V/vm62/s-0r100w-64kb.txt
2015-08-29 01:08:59,715 2508 DEBUG [-]   Read block str is: None
2015-08-29 01:08:59,715 2508 DEBUG [-]   Write block str is: ['  write: io=38509MB, bw=65722KB/s, iops=1026, runt=600004msec', '    slat (usec): min=8, max=9855, avg=21.57, stdev=43.44', '    clat (msec): min=1, max=1193, avg= 7.77, stdev=23.77', '     lat (msec): min=1, max=1193, avg= 7.79, stdev=23.77', '    clat percentiles (msec):', '     |  1.00th=[    3],  5.00th=[    4], 10.00th=[    4], 20.00th=[    5],', '     | 30.00th=[    5], 40.00th=[    6], 50.00th=[    6], 60.00th=[    7],', '     | 70.00th=[    8], 80.00th=[    9], 90.00th=[   10], 95.00th=[   12],', '     | 99.00th=[   22], 99.50th=[   73], 99.90th=[  412], 99.95th=[  553],', '     | 99.99th=[  914]', '    bw (KB  /s): min=  888, max=107688, per=100.00%, avg=68234.25, stdev=21329.53']
2015-08-29 01:08:59,715 2508 DEBUG [-]   Lat block str is: ['    lat (msec) : 2=0.02%, 4=10.77%, 10=80.33%, 20=7.68%, 50=0.64%', '    lat (msec) : 100=0.11%, 250=0.23%, 500=0.14%, 750=0.05%, 1000=0.01%', '    lat (msec) : 2000=0.01%']
2015-08-29 01:08:59,718 2508 DEBUG [-]   logfile: ../rawdata/HDD/4P4V/vm61/s-0r100w-64kb.txt
2015-08-29 01:08:59,718 2508 DEBUG [-]   Read block str is: None
2015-08-29 01:08:59,718 2508 DEBUG [-]   Write block str is: ['  write: io=38794MB, bw=66207KB/s, iops=1034, runt=600012msec', '    slat (usec): min=7, max=16321, avg=18.59, stdev=44.63', '    clat (msec): min=1, max=1442, avg= 7.71, stdev=24.14', '     lat (msec): min=1, max=1442, avg= 7.73, stdev=24.14', '    clat percentiles (msec):', '     |  1.00th=[    3],  5.00th=[    4], 10.00th=[    4], 20.00th=[    5],', '     | 30.00th=[    5], 40.00th=[    6], 50.00th=[    6], 60.00th=[    7],', '     | 70.00th=[    7], 80.00th=[    8], 90.00th=[   10], 95.00th=[   12],', '     | 99.00th=[   22], 99.50th=[   54], 99.90th=[  400], 99.95th=[  515],', '     | 99.99th=[  947]', '    bw (KB  /s): min= 1879, max=104704, per=100.00%, avg=68812.00, stdev=21363.69']
2015-08-29 01:08:59,718 2508 DEBUG [-]   Lat block str is: ['    lat (msec) : 2=0.03%, 4=10.85%, 10=80.61%, 20=7.37%, 50=0.64%', '    lat (msec) : 100=0.09%, 250=0.22%, 500=0.15%, 750=0.03%, 1000=0.02%', '    lat (msec) : 2000=0.01%']
2015-08-29 01:08:59,719 2508 DEBUG [-]   logfile: ../rawdata/HDD/4P4V/vm63/s-0r100w-64kb.txt
2015-08-29 01:08:59,719 2508 DEBUG [-]   Read block str is: None
2015-08-29 01:08:59,719 2508 DEBUG [-]   Write block str is: ['  write: io=39190MB, bw=66883KB/s, iops=1045, runt=600003msec', '    slat (usec): min=7, max=75274, avg=18.63, stdev=102.56', '    clat (msec): min=1, max=1353, avg= 7.63, stdev=24.59', '     lat (msec): min=1, max=1353, avg= 7.65, stdev=24.59', '    clat percentiles (msec):', '     |  1.00th=[    3],  5.00th=[    4], 10.00th=[    4], 20.00th=[    5],', '     | 30.00th=[    5], 40.00th=[    6], 50.00th=[    6], 60.00th=[    7],', '     | 70.00th=[    8], 80.00th=[    8], 90.00th=[   10], 95.00th=[   12],', '     | 99.00th=[   21], 99.50th=[   41], 99.90th=[  396], 99.95th=[  537],', '     | 99.99th=[ 1074]', '    bw (KB  /s): min=  433, max=106752, per=100.00%, avg=69408.84, stdev=21083.78']
2015-08-29 01:08:59,719 2508 DEBUG [-]   Lat block str is: ['    lat (msec) : 2=0.03%, 4=10.82%, 10=80.62%, 20=7.44%, 50=0.61%', '    lat (msec) : 100=0.09%, 250=0.19%, 500=0.12%, 750=0.04%, 1000=0.01%', '    lat (msec) : 2000=0.02%']
2015-08-29 01:08:59,720 2508 DEBUG [-]   logfile: ../rawdata/HDD/4P4V/vm64/s-0r100w-64kb.txt
2015-08-29 01:08:59,720 2508 DEBUG [-]   Read block str is: None
2015-08-29 01:08:59,720 2508 DEBUG [-]   Write block str is: ['  write: io=38836MB, bw=66279KB/s, iops=1035, runt=600003msec', '    slat (usec): min=7, max=192035, avg=14.81, stdev=247.13', '    clat (msec): min=1, max=1487, avg= 7.71, stdev=25.10', '     lat (msec): min=1, max=1487, avg= 7.72, stdev=25.10', '    clat percentiles (msec):', '     |  1.00th=[    3],  5.00th=[    4], 10.00th=[    4], 20.00th=[    5],', '     | 30.00th=[    5], 40.00th=[    6], 50.00th=[    6], 60.00th=[    7],', '     | 70.00th=[    7], 80.00th=[    8], 90.00th=[   10], 95.00th=[   12],', '     | 99.00th=[   21], 99.50th=[   70], 99.90th=[  400], 99.95th=[  570],', '     | 99.99th=[ 1037]', '    bw (KB  /s): min= 1520, max=108838, per=100.00%, avg=68951.64, stdev=21715.91']
2015-08-29 01:08:59,720 2508 DEBUG [-]   Lat block str is: ['    lat (msec) : 2=0.03%, 4=11.41%, 10=80.47%, 20=6.97%, 50=0.58%', '    lat (msec) : 100=0.11%, 250=0.23%, 500=0.14%, 750=0.04%, 1000=0.01%', '    lat (msec) : 2000=0.01%']
2015-08-29 01:08:59,721 2508 DEBUG [-] CSV-name: r-100r0w-8kb-1h
2015-08-29 01:08:59,721 2508 DEBUG [-]   logfile: ../rawdata/HDD/4P4V/vm62/r-100r0w-8kb-1h.txt
2015-08-29 01:08:59,721 2508 DEBUG [-]   Read block str is: ['  read : io=7709.3MB, bw=2192.8KB/s, iops=274, runt=3600119msec', '    slat (usec): min=5, max=222, avg=29.08, stdev=12.00', '    clat (usec): min=114, max=817492, avg=29150.73, stdev=26145.19', '     lat (usec): min=125, max=817532, avg=29180.56, stdev=26145.13', '    clat percentiles (usec):', '     |  1.00th=[  237],  5.00th=[  370], 10.00th=[  612], 20.00th=[10816],', '     | 30.00th=[14784], 40.00th=[18048], 50.00th=[22144], 60.00th=[27520],', '     | 70.00th=[34560], 80.00th=[44800], 90.00th=[61696], 95.00th=[79360],', '     | 99.00th=[122368], 99.50th=[142336], 99.90th=[191488], 99.95th=[216064],', '     | 99.99th=[276480]', '    bw (KB  /s): min=  899, max= 2800, per=100.00%, avg=2194.62, stdev=175.12']
2015-08-29 01:08:59,721 2508 DEBUG [-]   Write block str is: None
2015-08-29 01:08:59,721 2508 DEBUG [-]   Lat block str is: ['    lat (usec) : 250=1.48%, 500=6.93%, 750=1.93%, 1000=0.73%', '    lat (msec) : 2=0.92%, 4=0.26%, 10=6.10%, 20=26.97%, 50=38.36%', '    lat (msec) : 100=14.07%, 250=2.24%, 500=0.02%, 750=0.01%, 1000=0.01%']
2015-08-29 01:08:59,722 2508 DEBUG [-]   logfile: ../rawdata/HDD/4P4V/vm61/r-100r0w-8kb-1h.txt
2015-08-29 01:08:59,722 2508 DEBUG [-]   Read block str is: ['  read : io=7476.2MB, bw=2126.6KB/s, iops=265, runt=3600047msec', '    slat (usec): min=4, max=669, avg=28.27, stdev=12.15', '    clat (usec): min=106, max=781552, avg=30061.07, stdev=26410.43', '     lat (usec): min=117, max=781578, avg=30090.06, stdev=26410.40', '    clat percentiles (usec):', '     |  1.00th=[  209],  5.00th=[  354], 10.00th=[ 1416], 20.00th=[11584],', '     | 30.00th=[15296], 40.00th=[18560], 50.00th=[22656], 60.00th=[28288],', '     | 70.00th=[35584], 80.00th=[46336], 90.00th=[63232], 95.00th=[80384],', '     | 99.00th=[124416], 99.50th=[144384], 99.90th=[191488], 99.95th=[216064],', '     | 99.99th=[276480]', '    bw (KB  /s): min= 1405, max= 2766, per=100.00%, avg=2128.24, stdev=164.28']
2015-08-29 01:08:59,722 2508 DEBUG [-]   Write block str is: None
2015-08-29 01:08:59,723 2508 DEBUG [-]   Lat block str is: ['    lat (usec) : 250=2.52%, 500=4.55%, 750=1.37%, 1000=0.77%', '    lat (msec) : 2=0.99%, 4=0.25%, 10=6.12%, 20=27.47%, 50=38.77%', '    lat (msec) : 100=14.78%, 250=2.39%, 500=0.02%, 750=0.01%, 1000=0.01%']
2015-08-29 01:08:59,723 2508 DEBUG [-]   logfile: ../rawdata/HDD/4P4V/vm63/r-100r0w-8kb-1h.txt
2015-08-29 01:08:59,723 2508 DEBUG [-]   Read block str is: ['  read : io=7534.3MB, bw=2143.5KB/s, iops=267, runt=3600009msec', '    slat (usec): min=4, max=195, avg=28.00, stdev=12.49', '    clat (usec): min=105, max=855695, avg=29830.07, stdev=26265.82', '     lat (usec): min=116, max=855708, avg=29858.79, stdev=26265.82', '    clat percentiles (usec):', '     |  1.00th=[  209],  5.00th=[  354], 10.00th=[ 1352], 20.00th=[11456],', '     | 30.00th=[15168], 40.00th=[18304], 50.00th=[22400], 60.00th=[28032],', '     | 70.00th=[35584], 80.00th=[45824], 90.00th=[62720], 95.00th=[80384],', '     | 99.00th=[123392], 99.50th=[144384], 99.90th=[193536], 99.95th=[218112],', '     | 99.99th=[280576]', '    bw (KB  /s): min= 1129, max= 3417, per=100.00%, avg=2144.63, stdev=171.24']
2015-08-29 01:08:59,724 2508 DEBUG [-]   Write block str is: None
2015-08-29 01:08:59,724 2508 DEBUG [-]   Lat block str is: ['    lat (usec) : 250=2.52%, 500=4.60%, 750=1.50%, 1000=0.78%', '    lat (msec) : 2=0.80%, 4=0.25%, 10=6.29%, 20=27.53%, 50=38.89%', '    lat (msec) : 100=14.47%, 250=2.33%, 500=0.02%, 750=0.01%, 1000=0.01%']
2015-08-29 01:08:59,724 2508 DEBUG [-]   logfile: ../rawdata/HDD/4P4V/vm64/r-100r0w-8kb-1h.txt
2015-08-29 01:08:59,725 2508 DEBUG [-]   Read block str is: ['  read : io=7632.5MB, bw=2170.1KB/s, iops=271, runt=3600033msec', '    slat (usec): min=5, max=72, avg=12.09, stdev= 2.01', '    clat (usec): min=104, max=726234, avg=29465.36, stdev=25908.69', '     lat (usec): min=115, max=726246, avg=29477.71, stdev=25908.69', '    clat percentiles (usec):', '     |  1.00th=[  173],  5.00th=[  199], 10.00th=[ 3792], 20.00th=[11328],', '     | 30.00th=[15040], 40.00th=[18304], 50.00th=[22144], 60.00th=[27520],', '     | 70.00th=[35072], 80.00th=[45312], 90.00th=[61696], 95.00th=[78336],', '     | 99.00th=[122368], 99.50th=[142336], 99.90th=[191488], 99.95th=[216064],', '     | 99.99th=[276480]', '    bw (KB  /s): min= 1354, max= 2841, per=100.00%, avg=2172.67, stdev=166.32']
2015-08-29 01:08:59,725 2508 DEBUG [-]   Write block str is: None
2015-08-29 01:08:59,725 2508 DEBUG [-]   Lat block str is: ['    lat (usec) : 250=7.01%, 500=0.72%, 750=1.01%, 1000=0.66%', '    lat (msec) : 2=0.39%, 4=0.32%, 10=6.71%, 20=28.06%, 50=38.80%', '    lat (msec) : 100=14.06%, 250=2.25%, 500=0.02%, 750=0.01%']
2015-08-29 01:08:59,725 2508 DEBUG [-] CSV-name: r-75r25w-8kb
2015-08-29 01:08:59,725 2508 DEBUG [-]   logfile: ../rawdata/HDD/4P4V/vm62/r-75r25w-8kb.txt
2015-08-29 01:08:59,726 2508 DEBUG [-]   Read block str is: ['  read : io=629760KB, bw=1047.1KB/s, iops=130, runt=600957msec', '    slat (usec): min=4, max=953557, avg=66.77, stdev=4648.23', '    clat (usec): min=1, max=2480.1K, avg=54663.53, stdev=162024.56', '     lat (usec): min=119, max=2481.1K, avg=54731.08, stdev=162085.42', '    clat percentiles (usec):', '     |  1.00th=[  225],  5.00th=[  354], 10.00th=[  564], 20.00th=[ 9024],', '     | 30.00th=[12736], 40.00th=[15680], 50.00th=[18304], 60.00th=[22144],', '     | 70.00th=[28544], 80.00th=[39680], 90.00th=[66048], 95.00th=[171008],', '     | 99.00th=[921600], 99.50th=[1171456], 99.90th=[1662976], 99.95th=[1859584],', '     | 99.99th=[2179072]', '    bw (KB  /s): min=    8, max= 3280, per=100.00%, avg=1088.38, stdev=676.89']
2015-08-29 01:08:59,726 2508 DEBUG [-]   Write block str is: ['  write: io=208728KB, bw=355661B/s, iops=43, runt=600957msec', '    slat (usec): min=7, max=89688, avg=52.88, stdev=691.74', '    clat (usec): min=990, max=1770.4K, avg=19016.99, stdev=74206.40', '     lat (msec): min=1, max=1770, avg=19.07, stdev=74.21', '    clat percentiles (usec):', '     |  1.00th=[ 1400],  5.00th=[ 1576], 10.00th=[ 1688], 20.00th=[ 1848],', '     | 30.00th=[ 1976], 40.00th=[ 2128], 50.00th=[ 2320], 60.00th=[ 2544],', '     | 70.00th=[ 3120], 80.00th=[18048], 90.00th=[40192], 95.00th=[41728],', '     | 99.00th=[403456], 99.50th=[585728], 99.90th=[946176], 99.95th=[1073152],', '     | 99.99th=[1253376]', '    bw (KB  /s): min=    9, max= 1216, per=100.00%, avg=362.63, stdev=236.00']
2015-08-29 01:08:59,726 2508 DEBUG [-]   Lat block str is: ['    lat (usec) : 2=0.01%, 4=0.01%, 50=0.01%, 100=0.01%, 250=1.53%', '    lat (usec) : 500=4.91%, 750=1.67%, 1000=0.72%', '    lat (msec) : 2=9.17%, 4=11.03%, 10=6.53%, 20=25.88%, 50=26.58%', '    lat (msec) : 100=6.48%, 250=1.86%, 500=1.26%, 750=1.12%, 1000=0.63%', '    lat (msec) : 2000=0.62%, >=2000=0.01%']
2015-08-29 01:08:59,727 2508 DEBUG [-]   logfile: ../rawdata/HDD/4P4V/vm61/r-75r25w-8kb.txt
2015-08-29 01:08:59,728 2508 DEBUG [-]   Read block str is: ['  read : io=607680KB, bw=1012.6KB/s, iops=126, runt=600140msec', '    slat (usec): min=4, max=398838, avg=45.55, stdev=1895.81', '    clat (usec): min=5, max=2459.8K, avg=56614.59, stdev=164244.51', '     lat (usec): min=119, max=2459.8K, avg=56660.89, stdev=164252.25', '    clat percentiles (usec):', '     |  1.00th=[  207],  5.00th=[  374], 10.00th=[ 1080], 20.00th=[10176],', '     | 30.00th=[13376], 40.00th=[16192], 50.00th=[18816], 60.00th=[22656],', '     | 70.00th=[29568], 80.00th=[41216], 90.00th=[68096], 95.00th=[183296],', '     | 99.00th=[954368], 99.50th=[1187840], 99.90th=[1630208], 99.95th=[1810432],', '     | 99.99th=[2179072]', '    bw (KB  /s): min=    8, max= 2506, per=100.00%, avg=1051.55, stdev=651.44']
2015-08-29 01:08:59,728 2508 DEBUG [-]   Write block str is: ['  write: io=201432KB, bw=343697B/s, iops=41, runt=600140msec', '    slat (usec): min=6, max=889235, avg=108.50, stdev=7212.62', '    clat (usec): min=991, max=1578.2K, avg=19604.35, stdev=76240.26', '     lat (msec): min=1, max=1578, avg=19.71, stdev=76.57', '    clat percentiles (usec):', '     |  1.00th=[ 1304],  5.00th=[ 1464], 10.00th=[ 1560], 20.00th=[ 1720],', '     | 30.00th=[ 1864], 40.00th=[ 2024], 50.00th=[ 2224], 60.00th=[ 2576],', '     | 70.00th=[ 3472], 80.00th=[21888], 90.00th=[40192], 95.00th=[41728],', '     | 99.00th=[399360], 99.50th=[602112], 99.90th=[1011712], 99.95th=[1155072],', '     | 99.99th=[1318912]', '    bw (KB  /s): min=    8, max=  990, per=100.00%, avg=350.28, stdev=228.31']
2015-08-29 01:08:59,728 2508 DEBUG [-]   Lat block str is: ['    lat (usec) : 10=0.01%, 50=0.01%, 100=0.01%, 250=1.93%, 500=3.25%', '    lat (usec) : 750=1.33%, 1000=0.70%', '    lat (msec) : 2=11.26%, 4=8.33%, 10=6.69%, 20=26.72%, 50=27.26%', '    lat (msec) : 100=6.82%, 250=1.91%, 500=1.31%, 750=1.11%, 1000=0.68%', '    lat (msec) : 2000=0.66%, >=2000=0.02%']
2015-08-29 01:08:59,729 2508 DEBUG [-]   logfile: ../rawdata/HDD/4P4V/vm63/r-75r25w-8kb.txt
2015-08-29 01:08:59,729 2508 DEBUG [-]   Read block str is: ['  read : io=612312KB, bw=1020.5KB/s, iops=127, runt=600035msec', '    slat (usec): min=4, max=68051, avg=40.08, stdev=486.60', '    clat (usec): min=2, max=2811.7K, avg=56100.83, stdev=163204.01', '     lat (usec): min=121, max=2811.2K, avg=56141.69, stdev=163208.46', '    clat percentiles (usec):', '     |  1.00th=[  213],  5.00th=[  366], 10.00th=[  884], 20.00th=[ 9792],', '     | 30.00th=[13120], 40.00th=[15936], 50.00th=[18560], 60.00th=[22400],', '     | 70.00th=[29056], 80.00th=[40704], 90.00th=[67072], 95.00th=[183296],', '     | 99.00th=[929792], 99.50th=[1171456], 99.90th=[1662976], 99.95th=[1777664],', '     | 99.99th=[2146304]', '    bw (KB  /s): min=   13, max= 2480, per=100.00%, avg=1061.94, stdev=653.48']
2015-08-29 01:08:59,729 2508 DEBUG [-]   Write block str is: ['  write: io=205016KB, bw=349873B/s, iops=42, runt=600035msec', '    slat (usec): min=6, max=44330, avg=49.24, stdev=403.68', '    clat (usec): min=960, max=2003.6K, avg=19560.46, stdev=78310.90', '     lat (usec): min=977, max=2003.6K, avg=19610.49, stdev=78311.10', '    clat percentiles (usec):', '     |  1.00th=[ 1352],  5.00th=[ 1512], 10.00th=[ 1624], 20.00th=[ 1784],', '     | 30.00th=[ 1944], 40.00th=[ 2096], 50.00th=[ 2288], 60.00th=[ 2576],', '     | 70.00th=[ 3472], 80.00th=[23168], 90.00th=[40192], 95.00th=[41728],', '     | 99.00th=[382976], 99.50th=[593920], 99.90th=[1073152], 99.95th=[1269760],', '     | 99.99th=[1662976]', '    bw (KB  /s): min=   11, max= 1040, per=100.00%, avg=356.60, stdev=231.49']
2015-08-29 01:08:59,729 2508 DEBUG [-]   Lat block str is: ['    lat (usec) : 4=0.01%, 10=0.01%, 50=0.01%, 100=0.01%, 250=1.84%', '    lat (usec) : 500=3.68%, 750=1.57%, 1000=0.74%', '    lat (msec) : 2=9.71%, 4=9.81%, 10=6.84%, 20=26.56%, 50=27.02%', '    lat (msec) : 100=6.61%, 250=1.85%, 500=1.29%, 750=1.13%, 1000=0.71%', '    lat (msec) : 2000=0.63%, >=2000=0.01%']
2015-08-29 01:08:59,731 2508 DEBUG [-]   logfile: ../rawdata/HDD/4P4V/vm64/r-75r25w-8kb.txt
2015-08-29 01:08:59,731 2508 DEBUG [-]   Read block str is: ['  read : io=626824KB, bw=1044.7KB/s, iops=130, runt=600028msec', '    slat (usec): min=4, max=694209, avg=46.61, stdev=3752.94', '    clat (usec): min=1, max=2701.1K, avg=54816.37, stdev=161857.26', '     lat (usec): min=121, max=2701.1K, avg=54863.23, stdev=161890.58', '    clat percentiles (usec):', '     |  1.00th=[  167],  5.00th=[  181], 10.00th=[  900], 20.00th=[ 9792],', '     | 30.00th=[12992], 40.00th=[15808], 50.00th=[18304], 60.00th=[22144],', '     | 70.00th=[28544], 80.00th=[39680], 90.00th=[65280], 95.00th=[166912],', '     | 99.00th=[913408], 99.50th=[1171456], 99.90th=[1646592], 99.95th=[1859584],', '     | 99.99th=[2211840]', '    bw (KB  /s): min=   10, max= 2433, per=100.00%, avg=1084.55, stdev=668.89']
2015-08-29 01:08:59,731 2508 DEBUG [-]   Write block str is: ['  write: io=210448KB, bw=359147B/s, iops=43, runt=600028msec', '    slat (usec): min=6, max=120350, avg=24.87, stdev=861.83', '    clat (usec): min=921, max=1701.3K, avg=19029.87, stdev=75241.55', '     lat (usec): min=934, max=1701.2K, avg=19055.02, stdev=75247.13', '    clat percentiles (usec):', '     |  1.00th=[ 1240],  5.00th=[ 1384], 10.00th=[ 1464], 20.00th=[ 1608],', '     | 30.00th=[ 1736], 40.00th=[ 1864], 50.00th=[ 2024], 60.00th=[ 2256],', '     | 70.00th=[ 2896], 80.00th=[19072], 90.00th=[39680], 95.00th=[41216],', '     | 99.00th=[407552], 99.50th=[577536], 99.90th=[962560], 99.95th=[1089536],', '     | 99.99th=[1564672]', '    bw (KB  /s): min=   10, max= 1005, per=100.00%, avg=364.89, stdev=235.62']
2015-08-29 01:08:59,731 2508 DEBUG [-]   Lat block str is: ['    lat (usec) : 2=0.01%, 20=0.01%, 50=0.01%, 250=5.75%, 500=0.36%', '    lat (usec) : 750=0.87%, 1000=0.88%', '    lat (msec) : 2=13.03%, 4=6.52%, 10=7.10%, 20=26.83%, 50=26.84%', '    lat (msec) : 100=6.31%, 250=1.85%, 500=1.22%, 750=1.15%, 1000=0.67%', '    lat (msec) : 2000=0.58%, >=2000=0.02%']
2015-08-29 01:08:59,733 2508 DEBUG [-] CSV-name: r-0r100w-8kb-1h
2015-08-29 01:08:59,733 2508 DEBUG [-]   logfile: ../rawdata/HDD/4P4V/vm62/r-0r100w-8kb-1h.txt
2015-08-29 01:08:59,733 2508 DEBUG [-]   Read block str is: None
2015-08-29 01:08:59,733 2508 DEBUG [-]   Write block str is: ['  write: io=9715.5MB, bw=2763.5KB/s, iops=345, runt=3600032msec', '    slat (usec): min=5, max=4141.7K, avg=54.39, stdev=7523.04', '    clat (usec): min=858, max=20390K, avg=23100.20, stdev=192998.72', '     lat (usec): min=877, max=20390K, avg=23155.03, stdev=193146.86', '    clat percentiles (usec):', '     |  1.00th=[ 1096],  5.00th=[ 1240], 10.00th=[ 1336], 20.00th=[ 1464],', '     | 30.00th=[ 1576], 40.00th=[ 1704], 50.00th=[ 1832], 60.00th=[ 2024],', '     | 70.00th=[ 2384], 80.00th=[13504], 90.00th=[38656], 95.00th=[40704],', '     | 99.00th=[370688], 99.50th=[888832], 99.90th=[2736128], 99.95th=[3817472],', '     | 99.99th=[7045120]', '    bw (KB  /s): min=    1, max=10912, per=100.00%, avg=3572.52, stdev=3054.32']
2015-08-29 01:08:59,733 2508 DEBUG [-]   Lat block str is: ['    lat (usec) : 1000=0.12%', '    lat (msec) : 2=58.73%, 4=18.33%, 10=1.95%, 20=2.43%, 50=16.19%', '    lat (msec) : 100=0.43%, 250=0.58%, 500=0.42%, 750=0.22%, 1000=0.15%', '    lat (msec) : 2000=0.27%, >=2000=0.17%']
2015-08-29 01:08:59,734 2508 DEBUG [-]   logfile: ../rawdata/HDD/4P4V/vm61/r-0r100w-8kb-1h.txt
2015-08-29 01:08:59,734 2508 DEBUG [-]   Read block str is: None
2015-08-29 01:08:59,734 2508 DEBUG [-]   Write block str is: ['  write: io=8920.4MB, bw=2537.4KB/s, iops=317, runt=3600018msec', '    slat (usec): min=5, max=6442.8K, avg=49.74, stdev=8931.64', '    clat (usec): min=840, max=20470K, avg=25169.46, stdev=200414.25', '     lat (usec): min=852, max=20470K, avg=25219.69, stdev=200612.98', '    clat percentiles (usec):', '     |  1.00th=[ 1096],  5.00th=[ 1256], 10.00th=[ 1352], 20.00th=[ 1496],', '     | 30.00th=[ 1624], 40.00th=[ 1768], 50.00th=[ 1928], 60.00th=[ 2128],', '     | 70.00th=[ 2608], 80.00th=[23168], 90.00th=[39168], 95.00th=[40704],', '     | 99.00th=[419840], 99.50th=[954368], 99.90th=[2834432], 99.95th=[4014080],', '     | 99.99th=[7241728]', '    bw (KB  /s): min=    1, max= 9792, per=100.00%, avg=3254.11, stdev=2724.90']
2015-08-29 01:08:59,734 2508 DEBUG [-]   Lat block str is: ['    lat (usec) : 1000=0.14%', '    lat (msec) : 2=53.88%, 4=20.38%, 10=2.18%, 20=2.60%, 50=18.43%', '    lat (msec) : 100=0.42%, 250=0.64%, 500=0.46%, 750=0.24%, 1000=0.16%', '    lat (msec) : 2000=0.29%, >=2000=0.18%']
2015-08-29 01:08:59,735 2508 DEBUG [-]   logfile: ../rawdata/HDD/4P4V/vm63/r-0r100w-8kb-1h.txt
2015-08-29 01:08:59,735 2508 DEBUG [-]   Read block str is: None
2015-08-29 01:08:59,735 2508 DEBUG [-]   Write block str is: ['  write: io=9028.9MB, bw=2566.7KB/s, iops=320, runt=3602260msec', '    slat (usec): min=5, max=7851.5K, avg=37.15, stdev=7917.49', '    clat (usec): min=851, max=21341K, avg=24893.43, stdev=199092.53', '     lat (usec): min=862, max=21341K, avg=24931.04, stdev=199249.53', '    clat percentiles (usec):', '     |  1.00th=[ 1080],  5.00th=[ 1240], 10.00th=[ 1336], 20.00th=[ 1480],', '     | 30.00th=[ 1608], 40.00th=[ 1752], 50.00th=[ 1928], 60.00th=[ 2192],', '     | 70.00th=[ 2800], 80.00th=[23168], 90.00th=[39168], 95.00th=[40704],', '     | 99.00th=[403456], 99.50th=[954368], 99.90th=[2801664], 99.95th=[3883008],', '     | 99.99th=[7110656]', '    bw (KB  /s): min=    0, max= 9216, per=100.00%, avg=3263.29, stdev=2719.91']
2015-08-29 01:08:59,735 2508 DEBUG [-]   Lat block str is: ['    lat (usec) : 1000=0.21%', '    lat (msec) : 2=53.13%, 4=20.98%, 10=2.23%, 20=2.64%, 50=18.49%', '    lat (msec) : 100=0.40%, 250=0.61%, 500=0.45%, 750=0.23%, 1000=0.16%', '    lat (msec) : 2000=0.29%, >=2000=0.18%']
2015-08-29 01:08:59,736 2508 DEBUG [-]   logfile: ../rawdata/HDD/4P4V/vm64/r-0r100w-8kb-1h.txt
2015-08-29 01:08:59,736 2508 DEBUG [-]   Read block str is: None
2015-08-29 01:08:59,736 2508 DEBUG [-]   Write block str is: ['  write: io=9645.5MB, bw=2743.6KB/s, iops=342, runt=3600035msec', '    slat (usec): min=5, max=4028.6K, avg=35.40, stdev=6637.87', '    clat (usec): min=816, max=20520K, avg=23289.56, stdev=191493.10', '     lat (usec): min=826, max=20520K, avg=23325.23, stdev=191609.48', '    clat percentiles (usec):', '     |  1.00th=[ 1080],  5.00th=[ 1224], 10.00th=[ 1320], 20.00th=[ 1448],', '     | 30.00th=[ 1576], 40.00th=[ 1688], 50.00th=[ 1832], 60.00th=[ 2008],', '     | 70.00th=[ 2320], 80.00th=[16512], 90.00th=[38656], 95.00th=[40192],', '     | 99.00th=[370688], 99.50th=[897024], 99.90th=[2736128], 99.95th=[3817472],', '     | 99.99th=[6848512]', '    bw (KB  /s): min=    2, max=10206, per=100.00%, avg=3533.30, stdev=2967.63']
2015-08-29 01:08:59,736 2508 DEBUG [-]   Lat block str is: ['    lat (usec) : 1000=0.23%', '    lat (msec) : 2=59.51%, 4=16.69%, 10=1.92%, 20=2.45%, 50=16.94%', '    lat (msec) : 100=0.39%, 250=0.60%, 500=0.43%, 750=0.23%, 1000=0.15%', '    lat (msec) : 2000=0.27%, >=2000=0.17%']
2015-08-29 01:08:59,737 2508 DEBUG [-] CSV-name: s-100r0w-64kb
2015-08-29 01:08:59,737 2508 DEBUG [-]   logfile: ../rawdata/HDD/4P4V/vm62/s-100r0w-64kb.txt
2015-08-29 01:08:59,738 2508 DEBUG [-]   Read block str is: ['  read : io=36166MB, bw=61719KB/s, iops=964, runt=600050msec', '    slat (usec): min=5, max=158, avg=12.62, stdev= 5.60', '    clat (usec): min=204, max=478082, avg=8280.44, stdev=14853.50', '     lat (usec): min=215, max=478093, avg=8293.32, stdev=14853.74', '    clat percentiles (usec):', '     |  1.00th=[  346],  5.00th=[  418], 10.00th=[  486], 20.00th=[ 1336],', '     | 30.00th=[ 2736], 40.00th=[ 3408], 50.00th=[ 3952], 60.00th=[ 4640],', '     | 70.00th=[ 5920], 80.00th=[10304], 90.00th=[19072], 95.00th=[31872],', '     | 99.00th=[73216], 99.50th=[95744], 99.90th=[160768], 99.95th=[191488],', '     | 99.99th=[264192]', '    bw (KB  /s): min= 2966, max=186135, per=100.00%, avg=61920.01, stdev=20118.28']
2015-08-29 01:08:59,738 2508 DEBUG [-]   Write block str is: None
2015-08-29 01:08:59,738 2508 DEBUG [-]   Lat block str is: ['    lat (usec) : 250=0.02%, 500=11.18%, 750=6.86%, 1000=0.73%', '    lat (msec) : 2=4.86%, 4=26.88%, 10=29.03%, 20=11.08%, 50=7.08%', '    lat (msec) : 100=1.83%, 250=0.43%, 500=0.01%']
2015-08-29 01:08:59,738 2508 DEBUG [-]   logfile: ../rawdata/HDD/4P4V/vm61/s-100r0w-64kb.txt
2015-08-29 01:08:59,739 2508 DEBUG [-]   Read block str is: ['  read : io=28359MB, bw=48397KB/s, iops=756, runt=600016msec', '    slat (usec): min=6, max=180, avg=12.23, stdev= 5.79', '    clat (usec): min=220, max=441968, avg=10564.25, stdev=15576.57', '     lat (usec): min=230, max=441980, avg=10576.76, stdev=15576.71', '    clat percentiles (usec):', '     |  1.00th=[  346],  5.00th=[  434], 10.00th=[  588], 20.00th=[ 2544],', '     | 30.00th=[ 3504], 40.00th=[ 4384], 50.00th=[ 5984], 60.00th=[ 8896],', '     | 70.00th=[11456], 80.00th=[14016], 90.00th=[20864], 95.00th=[35584],', '     | 99.00th=[78336], 99.50th=[101888], 99.90th=[162816], 99.95th=[193536],', '     | 99.99th=[272384]', '    bw (KB  /s): min= 5532, max=203578, per=100.00%, avg=48532.70, stdev=16752.00']
2015-08-29 01:08:59,739 2508 DEBUG [-]   Write block str is: None
2015-08-29 01:08:59,739 2508 DEBUG [-]   Lat block str is: ['    lat (usec) : 250=0.03%, 500=7.83%, 750=3.85%, 1000=1.33%', '    lat (msec) : 2=3.86%, 4=19.34%, 10=28.03%, 20=25.00%, 50=8.06%', '    lat (msec) : 100=2.15%, 250=0.51%, 500=0.01%']
2015-08-29 01:08:59,739 2508 DEBUG [-]   logfile: ../rawdata/HDD/4P4V/vm63/s-100r0w-64kb.txt
2015-08-29 01:08:59,740 2508 DEBUG [-]   Read block str is: ['  read : io=37061MB, bw=63250KB/s, iops=988, runt=600006msec', '    slat (usec): min=4, max=444, avg=11.48, stdev= 4.57', '    clat (usec): min=214, max=905345, avg=8080.93, stdev=13934.69', '     lat (usec): min=226, max=905361, avg=8092.67, stdev=13934.86', '    clat percentiles (usec):', '     |  1.00th=[  402],  5.00th=[  780], 10.00th=[ 1480], 20.00th=[ 2640],', '     | 30.00th=[ 3152], 40.00th=[ 3568], 50.00th=[ 4048], 60.00th=[ 4576],', '     | 70.00th=[ 5472], 80.00th=[ 9280], 90.00th=[18048], 95.00th=[28800],', '     | 99.00th=[67072], 99.50th=[87552], 99.90th=[152576], 99.95th=[183296],', '     | 99.99th=[252928]', '    bw (KB  /s): min= 2466, max=144640, per=100.00%, avg=63443.83, stdev=21054.93']
2015-08-29 01:08:59,740 2508 DEBUG [-]   Write block str is: None
2015-08-29 01:08:59,740 2508 DEBUG [-]   Lat block str is: ['    lat (usec) : 250=0.01%, 500=2.72%, 750=2.10%, 1000=1.71%', '    lat (msec) : 2=6.71%, 4=35.93%, 10=31.82%, 20=10.64%, 50=6.42%', '    lat (msec) : 100=1.59%, 250=0.34%, 500=0.01%, 750=0.01%, 1000=0.01%']
2015-08-29 01:08:59,740 2508 DEBUG [-]   logfile: ../rawdata/HDD/4P4V/vm64/s-100r0w-64kb.txt
2015-08-29 01:08:59,741 2508 DEBUG [-]   Read block str is: ['  read : io=39078MB, bw=66693KB/s, iops=1042, runt=600004msec', '    slat (usec): min=5, max=115, avg=10.16, stdev= 2.08', '    clat (usec): min=198, max=523235, avg=7664.83, stdev=13190.40', '     lat (usec): min=208, max=523246, avg=7675.21, stdev=13190.47', '    clat percentiles (usec):', '     |  1.00th=[  255],  5.00th=[  314], 10.00th=[  446], 20.00th=[ 2320],', '     | 30.00th=[ 3088], 40.00th=[ 3536], 50.00th=[ 3984], 60.00th=[ 4512],', '     | 70.00th=[ 5344], 80.00th=[ 8640], 90.00th=[17280], 95.00th=[27520],', '     | 99.00th=[64256], 99.50th=[86528], 99.90th=[146432], 99.95th=[173056],', '     | 99.99th=[252928]', '    bw (KB  /s): min= 3256, max=152302, per=100.00%, avg=66859.58, stdev=21461.66']
2015-08-29 01:08:59,741 2508 DEBUG [-]   Write block str is: None
2015-08-29 01:08:59,741 2508 DEBUG [-]   Lat block str is: ['    lat (usec) : 250=0.80%, 500=9.65%, 750=0.65%, 1000=0.69%', '    lat (msec) : 2=5.32%, 4=33.17%, 10=31.30%, 20=10.55%, 50=6.08%', '    lat (msec) : 100=1.47%, 250=0.31%, 500=0.01%, 750=0.01%']
2015-08-29 01:08:59,742 2508 DEBUG [-] CSV-name: r-0r100w-8kb
2015-08-29 01:08:59,742 2508 DEBUG [-]   logfile: ../rawdata/HDD/4P4V/vm62/r-0r100w-8kb.txt
2015-08-29 01:08:59,742 2508 DEBUG [-]   Read block str is: None
2015-08-29 01:08:59,742 2508 DEBUG [-]   Write block str is: ['  write: io=699424KB, bw=1164.1KB/s, iops=145, runt=600406msec', '    slat (usec): min=6, max=1828.2K, avg=106.25, stdev=7938.36', '    clat (usec): min=940, max=3274.1K, avg=54821.34, stdev=192787.54', '     lat (usec): min=954, max=3274.2K, avg=54928.41, stdev=192937.70', '    clat percentiles (usec):', '     |  1.00th=[ 1224],  5.00th=[ 1416], 10.00th=[ 1544], 20.00th=[ 1752],', '     | 30.00th=[ 1976], 40.00th=[ 2288], 50.00th=[ 3696], 60.00th=[14016],', '     | 70.00th=[22144], 80.00th=[40704], 90.00th=[69120], 95.00th=[246784],', '     | 99.00th=[1056768], 99.50th=[1449984], 99.90th=[2244608], 99.95th=[2539520],', '     | 99.99th=[3031040]', '    bw (KB  /s): min=    5, max= 5616, per=100.00%, avg=1247.37, stdev=975.53']
2015-08-29 01:08:59,742 2508 DEBUG [-]   Lat block str is: ['    lat (usec) : 1000=0.02%', '    lat (msec) : 2=31.13%, 4=19.33%, 10=4.82%, 20=12.86%, 50=18.34%', '    lat (msec) : 100=4.77%, 250=3.78%, 500=2.30%, 750=1.05%, 1000=0.51%', '    lat (msec) : 2000=0.93%, >=2000=0.16%']
2015-08-29 01:08:59,743 2508 DEBUG [-]   logfile: ../rawdata/HDD/4P4V/vm61/r-0r100w-8kb.txt
2015-08-29 01:08:59,743 2508 DEBUG [-]   Read block str is: None
2015-08-29 01:08:59,743 2508 DEBUG [-]   Write block str is: ['  write: io=689272KB, bw=1148.5KB/s, iops=143, runt=600161msec', '    slat (usec): min=6, max=1399.2K, avg=127.44, stdev=8516.72', '    clat (usec): min=894, max=3374.6K, avg=55589.51, stdev=194568.90', '     lat (usec): min=906, max=3374.6K, avg=55717.73, stdev=194749.07', '    clat percentiles (usec):', '     |  1.00th=[ 1256],  5.00th=[ 1464], 10.00th=[ 1608], 20.00th=[ 1880],', '     | 30.00th=[ 2192], 40.00th=[ 2864], 50.00th=[ 5600], 60.00th=[15552],', '     | 70.00th=[24448], 80.00th=[39680], 90.00th=[69120], 95.00th=[248832],', '     | 99.00th=[1044480], 99.50th=[1499136], 99.90th=[2310144], 99.95th=[2572288],', '     | 99.99th=[2899968]', '    bw (KB  /s): min=    6, max= 5136, per=100.00%, avg=1225.11, stdev=943.16']
2015-08-29 01:08:59,743 2508 DEBUG [-]   Lat block str is: ['    lat (usec) : 1000=0.02%', '    lat (msec) : 2=24.12%, 4=21.33%, 10=7.79%, 20=12.99%, 50=20.28%', '    lat (msec) : 100=4.83%, 250=3.65%, 500=2.31%, 750=1.05%, 1000=0.56%', '    lat (msec) : 2000=0.88%, >=2000=0.18%']
2015-08-29 01:08:59,744 2508 DEBUG [-]   logfile: ../rawdata/HDD/4P4V/vm63/r-0r100w-8kb.txt
2015-08-29 01:08:59,744 2508 DEBUG [-]   Read block str is: None
2015-08-29 01:08:59,744 2508 DEBUG [-]   Write block str is: ['  write: io=700208KB, bw=1166.4KB/s, iops=145, runt=600359msec', '    slat (usec): min=5, max=536483, avg=50.15, stdev=1886.04', '    clat (usec): min=908, max=3303.7K, avg=54812.33, stdev=192262.10', '     lat (usec): min=923, max=3303.7K, avg=54863.26, stdev=192269.88', '    clat percentiles (usec):', '     |  1.00th=[ 1224],  5.00th=[ 1416], 10.00th=[ 1560], 20.00th=[ 1800],', '     | 30.00th=[ 2128], 40.00th=[ 3056], 50.00th=[ 5216], 60.00th=[14912],', '     | 70.00th=[23424], 80.00th=[39680], 90.00th=[68096], 95.00th=[248832],', '     | 99.00th=[1019904], 99.50th=[1433600], 99.90th=[2244608], 99.95th=[2605056],', '     | 99.99th=[3129344]', '    bw (KB  /s): min=    5, max= 4974, per=100.00%, avg=1250.46, stdev=910.46']
2015-08-29 01:08:59,744 2508 DEBUG [-]   Lat block str is: ['    lat (usec) : 1000=0.02%', '    lat (msec) : 2=26.86%, 4=18.88%, 10=8.30%, 20=12.92%, 50=19.48%', '    lat (msec) : 100=4.94%, 250=3.60%, 500=2.35%, 750=1.08%, 1000=0.54%', '    lat (msec) : 2000=0.84%, >=2000=0.18%']
2015-08-29 01:08:59,745 2508 DEBUG [-]   logfile: ../rawdata/HDD/4P4V/vm64/r-0r100w-8kb.txt
2015-08-29 01:08:59,745 2508 DEBUG [-]   Read block str is: None
2015-08-29 01:08:59,745 2508 DEBUG [-]   Write block str is: ['  write: io=721464KB, bw=1202.5KB/s, iops=150, runt=600009msec', '    slat (usec): min=5, max=836947, avg=41.87, stdev=3468.68', '    clat (usec): min=875, max=3267.2K, avg=53181.39, stdev=189291.37', '     lat (usec): min=887, max=3267.2K, avg=53223.55, stdev=189326.97', '    clat percentiles (usec):', '     |  1.00th=[ 1160],  5.00th=[ 1336], 10.00th=[ 1448], 20.00th=[ 1656],', '     | 30.00th=[ 1944], 40.00th=[ 2480], 50.00th=[ 4704], 60.00th=[14400],', '     | 70.00th=[22400], 80.00th=[39168], 90.00th=[62720], 95.00th=[234496],', '     | 99.00th=[1019904], 99.50th=[1433600], 99.90th=[2211840], 99.95th=[2572288],', '     | 99.99th=[2965504]', '    bw (KB  /s): min=    7, max= 5232, per=100.00%, avg=1292.42, stdev=996.00']
2015-08-29 01:08:59,745 2508 DEBUG [-]   Lat block str is: ['    lat (usec) : 1000=0.07%', '    lat (msec) : 2=31.39%, 4=16.17%, 10=7.18%, 20=12.94%, 50=19.63%', '    lat (msec) : 100=4.22%, 250=3.58%, 500=2.25%, 750=1.02%, 1000=0.50%', '    lat (msec) : 2000=0.87%, >=2000=0.16%']
2015-08-29 01:08:59,746 2508 DEBUG [-] CSV-name: r-100r0w-8kb
2015-08-29 01:08:59,746 2508 DEBUG [-]   logfile: ../rawdata/HDD/4P4V/vm62/r-100r0w-8kb.txt
2015-08-29 01:08:59,746 2508 DEBUG [-]   Read block str is: ['  read : io=1071.5MB, bw=1827.1KB/s, iops=228, runt=600190msec', '    slat (usec): min=5, max=153, avg=32.61, stdev=12.15', '    clat (usec): min=109, max=3659.7K, avg=34970.32, stdev=74288.49', '     lat (usec): min=120, max=3659.7K, avg=35003.77, stdev=74288.62', '    clat percentiles (usec):', '     |  1.00th=[  249],  5.00th=[  438], 10.00th=[ 5664], 20.00th=[11968],', '     | 30.00th=[15424], 40.00th=[18304], 50.00th=[22144], 60.00th=[27520],', '     | 70.00th=[34560], 80.00th=[45312], 90.00th=[63232], 95.00th=[83456],', '     | 99.00th=[222208], 99.50th=[460800], 99.90th=[987136], 99.95th=[1318912],', '     | 99.99th=[2408448]', '    bw (KB  /s): min=   55, max= 2570, per=100.00%, avg=1847.96, stdev=533.64']
2015-08-29 01:08:59,747 2508 DEBUG [-]   Write block str is: None
2015-08-29 01:08:59,747 2508 DEBUG [-]   Lat block str is: ['    lat (usec) : 250=1.05%, 500=5.64%, 750=1.52%, 1000=0.15%', '    lat (msec) : 2=0.22%, 4=0.18%, 10=6.45%, 20=29.31%, 50=38.89%', '    lat (msec) : 100=13.38%, 250=2.33%, 500=0.46%, 750=0.23%, 1000=0.12%', '    lat (msec) : 2000=0.07%, >=2000=0.02%']
2015-08-29 01:08:59,747 2508 DEBUG [-]   logfile: ../rawdata/HDD/4P4V/vm61/r-100r0w-8kb.txt
2015-08-29 01:08:59,748 2508 DEBUG [-]   Read block str is: ['  read : io=1040.2MB, bw=1773.1KB/s, iops=221, runt=600392msec', '    slat (usec): min=5, max=223, avg=31.11, stdev=12.43', '    clat (usec): min=112, max=5100.4K, avg=36036.11, stdev=79249.95', '     lat (usec): min=123, max=5100.8K, avg=36068.00, stdev=79250.16', '    clat percentiles (usec):', '     |  1.00th=[  225],  5.00th=[  450], 10.00th=[ 6944], 20.00th=[12352],', '     | 30.00th=[15680], 40.00th=[18816], 50.00th=[22656], 60.00th=[28288],', '     | 70.00th=[36096], 80.00th=[46848], 90.00th=[64768], 95.00th=[85504],', '     | 99.00th=[218112], 99.50th=[473088], 99.90th=[1003520], 99.95th=[1351680],', '     | 99.99th=[2768896]', '    bw (KB  /s): min=   37, max= 2577, per=100.00%, avg=1801.28, stdev=503.34']
2015-08-29 01:08:59,748 2508 DEBUG [-]   Write block str is: None
2015-08-29 01:08:59,748 2508 DEBUG [-]   Lat block str is: ['    lat (usec) : 250=1.77%, 500=3.97%, 750=1.11%, 1000=0.14%', '    lat (msec) : 2=0.31%, 4=0.17%, 10=6.42%, 20=29.63%, 50=38.83%', '    lat (msec) : 100=14.27%, 250=2.47%, 500=0.42%, 750=0.23%, 1000=0.14%', '    lat (msec) : 2000=0.08%, >=2000=0.03%']
2015-08-29 01:08:59,748 2508 DEBUG [-]   logfile: ../rawdata/HDD/4P4V/vm63/r-100r0w-8kb.txt
2015-08-29 01:08:59,749 2508 DEBUG [-]   Read block str is: ['  read : io=1050.9MB, bw=1793.5KB/s, iops=224, runt=600024msec', '    slat (usec): min=4, max=311, avg=29.53, stdev=11.83', '    clat (usec): min=105, max=4498.2K, avg=35649.83, stdev=75768.78', '     lat (usec): min=121, max=4498.2K, avg=35680.12, stdev=75768.94', '    clat percentiles (usec):', '     |  1.00th=[  221],  5.00th=[  498], 10.00th=[ 7456], 20.00th=[12608],', '     | 30.00th=[15808], 40.00th=[18816], 50.00th=[22912], 60.00th=[28288],', '     | 70.00th=[35584], 80.00th=[46336], 90.00th=[63744], 95.00th=[84480],', '     | 99.00th=[214016], 99.50th=[444416], 99.90th=[987136], 99.95th=[1253376],', '     | 99.99th=[2736128]', '    bw (KB  /s): min=   39, max= 3257, per=100.00%, avg=1812.12, stdev=503.75']
2015-08-29 01:08:59,749 2508 DEBUG [-]   Write block str is: None
2015-08-29 01:08:59,749 2508 DEBUG [-]   Lat block str is: ['    lat (usec) : 250=1.66%, 500=3.34%, 750=1.01%, 1000=0.16%', '    lat (msec) : 2=0.35%, 4=0.21%, 10=6.73%, 20=29.94%, 50=39.34%', '    lat (msec) : 100=13.98%, 250=2.39%, 500=0.45%, 750=0.22%, 1000=0.13%', '    lat (msec) : 2000=0.07%, >=2000=0.02%']
2015-08-29 01:08:59,750 2508 DEBUG [-]   logfile: ../rawdata/HDD/4P4V/vm64/r-100r0w-8kb.txt
2015-08-29 01:08:59,750 2508 DEBUG [-]   Read block str is: ['  read : io=1068.5MB, bw=1821.7KB/s, iops=227, runt=600617msec', '    slat (usec): min=4, max=75, avg= 9.91, stdev= 1.80', '    clat (usec): min=108, max=4791.5K, avg=35116.26, stdev=77565.64', '     lat (usec): min=118, max=4791.5K, avg=35126.42, stdev=77565.66', '    clat percentiles (usec):', '     |  1.00th=[  173],  5.00th=[  205], 10.00th=[ 6752], 20.00th=[12096],', '     | 30.00th=[15552], 40.00th=[18560], 50.00th=[22400], 60.00th=[27520],', '     | 70.00th=[35072], 80.00th=[45312], 90.00th=[62720], 95.00th=[83456],', '     | 99.00th=[216064], 99.50th=[464896], 99.90th=[1011712], 99.95th=[1286144],', '     | 99.99th=[2736128]', '    bw (KB  /s): min=   26, max= 2613, per=100.00%, avg=1851.19, stdev=523.53']
2015-08-29 01:08:59,750 2508 DEBUG [-]   Write block str is: None
2015-08-29 01:08:59,750 2508 DEBUG [-]   Lat block str is: ['    lat (usec) : 250=6.29%, 500=0.42%, 750=0.24%, 1000=0.13%', '    lat (msec) : 2=0.08%, 4=0.27%, 10=6.95%, 20=30.15%, 50=38.96%', '    lat (msec) : 100=13.25%, 250=2.38%, 500=0.42%, 750=0.25%, 1000=0.11%', '    lat (msec) : 2000=0.08%, >=2000=0.03%']
2015-08-29 01:08:59,751 2508 DEBUG [-] + s-0r100w-64kb.csv
2015-08-29 01:08:59,751 2508 DEBUG [-]   _PURE_W
2015-08-29 01:08:59,751 2508 DEBUG [-]   - ../rawdata/HDD/4P4V/vm61/s-0r100w-64kb.txt
2015-08-29 01:08:59,751 2508 DEBUG [-]   - ../rawdata/HDD/4P4V/vm62/s-0r100w-64kb.txt
2015-08-29 01:08:59,751 2508 DEBUG [-]   - ../rawdata/HDD/4P4V/vm63/s-0r100w-64kb.txt
2015-08-29 01:08:59,751 2508 DEBUG [-]   - ../rawdata/HDD/4P4V/vm64/s-0r100w-64kb.txt
2015-08-29 01:08:59,752 2508 DEBUG [-] @csv generated successfully@   ../result//s-0r100w-64kb.csv
2015-08-29 01:08:59,752 2508 DEBUG [-] + r-100r0w-8kb-1h.csv
2015-08-29 01:08:59,752 2508 DEBUG [-]   _PURE_R
2015-08-29 01:08:59,752 2508 DEBUG [-]   - ../rawdata/HDD/4P4V/vm61/r-100r0w-8kb-1h.txt
2015-08-29 01:08:59,752 2508 DEBUG [-]   - ../rawdata/HDD/4P4V/vm62/r-100r0w-8kb-1h.txt
2015-08-29 01:08:59,752 2508 DEBUG [-]   - ../rawdata/HDD/4P4V/vm63/r-100r0w-8kb-1h.txt
2015-08-29 01:08:59,753 2508 DEBUG [-]   - ../rawdata/HDD/4P4V/vm64/r-100r0w-8kb-1h.txt
2015-08-29 01:08:59,753 2508 DEBUG [-] @csv generated successfully@   ../result//r-100r0w-8kb-1h.csv
2015-08-29 01:08:59,753 2508 DEBUG [-] + r-75r25w-8kb.csv
2015-08-29 01:08:59,753 2508 DEBUG [-]   _MIX_ALL
2015-08-29 01:08:59,753 2508 DEBUG [-]   - ../rawdata/HDD/4P4V/vm61/r-75r25w-8kb.txt
2015-08-29 01:08:59,753 2508 DEBUG [-]   - ../rawdata/HDD/4P4V/vm62/r-75r25w-8kb.txt
2015-08-29 01:08:59,753 2508 DEBUG [-]   - ../rawdata/HDD/4P4V/vm63/r-75r25w-8kb.txt
2015-08-29 01:08:59,754 2508 DEBUG [-]   - ../rawdata/HDD/4P4V/vm64/r-75r25w-8kb.txt
2015-08-29 01:08:59,754 2508 DEBUG [-] @csv generated successfully@   ../result//r-75r25w-8kb.csv
2015-08-29 01:08:59,754 2508 DEBUG [-] + r-0r100w-8kb-1h.csv
2015-08-29 01:08:59,754 2508 DEBUG [-]   _PURE_W
2015-08-29 01:08:59,754 2508 DEBUG [-]   - ../rawdata/HDD/4P4V/vm61/r-0r100w-8kb-1h.txt
2015-08-29 01:08:59,754 2508 DEBUG [-]   - ../rawdata/HDD/4P4V/vm62/r-0r100w-8kb-1h.txt
2015-08-29 01:08:59,755 2508 DEBUG [-]   - ../rawdata/HDD/4P4V/vm63/r-0r100w-8kb-1h.txt
2015-08-29 01:08:59,755 2508 DEBUG [-]   - ../rawdata/HDD/4P4V/vm64/r-0r100w-8kb-1h.txt
2015-08-29 01:08:59,755 2508 DEBUG [-] @csv generated successfully@   ../result//r-0r100w-8kb-1h.csv
2015-08-29 01:08:59,755 2508 DEBUG [-] + s-100r0w-64kb.csv
2015-08-29 01:08:59,755 2508 DEBUG [-]   _PURE_R
2015-08-29 01:08:59,755 2508 DEBUG [-]   - ../rawdata/HDD/4P4V/vm61/s-100r0w-64kb.txt
2015-08-29 01:08:59,756 2508 DEBUG [-]   - ../rawdata/HDD/4P4V/vm62/s-100r0w-64kb.txt
2015-08-29 01:08:59,756 2508 DEBUG [-]   - ../rawdata/HDD/4P4V/vm63/s-100r0w-64kb.txt
2015-08-29 01:08:59,756 2508 DEBUG [-]   - ../rawdata/HDD/4P4V/vm64/s-100r0w-64kb.txt
2015-08-29 01:08:59,756 2508 DEBUG [-] @csv generated successfully@   ../result//s-100r0w-64kb.csv
2015-08-29 01:08:59,756 2508 DEBUG [-] + r-0r100w-8kb.csv
2015-08-29 01:08:59,756 2508 DEBUG [-]   _PURE_W
2015-08-29 01:08:59,756 2508 DEBUG [-]   - ../rawdata/HDD/4P4V/vm61/r-0r100w-8kb.txt
2015-08-29 01:08:59,757 2508 DEBUG [-]   - ../rawdata/HDD/4P4V/vm62/r-0r100w-8kb.txt
2015-08-29 01:08:59,757 2508 DEBUG [-]   - ../rawdata/HDD/4P4V/vm63/r-0r100w-8kb.txt
2015-08-29 01:08:59,757 2508 DEBUG [-]   - ../rawdata/HDD/4P4V/vm64/r-0r100w-8kb.txt
2015-08-29 01:08:59,757 2508 DEBUG [-] @csv generated successfully@   ../result//r-0r100w-8kb.csv
2015-08-29 01:08:59,757 2508 DEBUG [-] + r-100r0w-8kb.csv
2015-08-29 01:08:59,757 2508 DEBUG [-]   _PURE_R
2015-08-29 01:08:59,758 2508 DEBUG [-]   - ../rawdata/HDD/4P4V/vm61/r-100r0w-8kb.txt
2015-08-29 01:08:59,758 2508 DEBUG [-]   - ../rawdata/HDD/4P4V/vm62/r-100r0w-8kb.txt
2015-08-29 01:08:59,758 2508 DEBUG [-]   - ../rawdata/HDD/4P4V/vm63/r-100r0w-8kb.txt
2015-08-29 01:08:59,758 2508 DEBUG [-]   - ../rawdata/HDD/4P4V/vm64/r-100r0w-8kb.txt
2015-08-29 01:08:59,758 2508 DEBUG [-] @csv generated successfully@   ../result//r-100r0w-8kb.csv
